<?xml version="1.0" encoding="UTF-8"?>
<beans xmlns="http://www.springframework.org/schema/beans"
	xmlns:xsi="http://www.w3.org/2001/XMLSchema-instance" xmlns:context="http://www.springframework.org/schema/context"
	xmlns:jdbc="http://www.springframework.org/schema/jdbc" xmlns:tx="http://www.springframework.org/schema/tx"
	xsi:schemaLocation="http://www.springframework.org/schema/beans http://www.springframework.org/schema/beans/spring-beans-3.0.xsd
		http://www.springframework.org/schema/context http://www.springframework.org/schema/context/spring-context-3.0.xsd
		http://www.springframework.org/schema/jdbc http://www.springframework.org/schema/jdbc/spring-jdbc-3.0.xsd
		http://www.springframework.org/schema/tx http://www.springframework.org/schema/tx/spring-tx-3.0.xsd">

	<!-- test-infrastructure-config Infrastructure configuration to support 
		system testing the rewards application. These beans are defined in a separate 
		file to isolate infrastructure config from application config, as infrastructure 
		often varies between environments. For example, in a test environment you 
		might use a lightweight in-memory DataSource, while in production you connect 
		to a database server with a connection pool. -->

	<import resource="classpath:rewards/internal/application-config.xml" />

	
	<jdbc:embedded-database id="dataSource" type="H2">
		<jdbc:script location="classpath:rewards/testdb/schema.sql"/>
		<jdbc:script location="classpath:rewards/testdb/test-data.sql"/>	
	</jdbc:embedded-database>

</beans>